-------- Log file env_ocean.log -------

Executable: vplanet
System Name: env_ocean
Primary Input File: vpl.in
Body File #1: star.in
Body File #2: pandora.in
Allow files to be overwitten: Yes
Mass Units: Kilograms
Length Units: Meters
Time Units: Seconds
Angle Units: Radians

------- FORMATTING -----
Verbosity Level: 5
Crossover Decade for Scientific Notation: 4
Number of Digits After Decimal: 6
Integration Method: Runge-Kutta4
Direction: Forward
Time Step: 3.155760e+07
Stop Time: 2.209032e+17
Output Interval: 3.155760e+13
Use Variable Timestep: Yes
dEta: 0.010000
Minimum Value of ecc and obl: 1.000000e-10


---- INITIAL SYSTEM PROPERTIES ----
(Age) System Age [sec]: 0.000000 
(Time) Simulation Time [sec]: 0.000000 
(TotAngMom) Total Angular Momentum [kg*m^2/sec]: 2.656155e+39 
(TotEnergy) Total System Energy [kg*m^2/sec^2]: -3.053805e+39 
(PotEnergy) Body's non-orbital Potential Energy [kg*m^2/sec^2]: -3.053797e+39 
(KinEnergy) Body's non-orbital Kinetic Energy [kg*m^2/sec^2]: 8.795952e+28 
(DeltaTime) Average Timestep Over Last Output Interval [sec]: 0.000000 
(Density) Average Density [kg/m^3]: 2612.136822 
(LongP) Body's Longitude of pericenter [rad]: 0.000000 
(LXUVTot) Total XUV Luminosity [kg*m^2/sec^2/(m^2*sec)]: 2.092637e+22 

----- BODY: star ----
Active Modules: EQTIDE STELLAR
Module Bit Sum: 67
Color: 000000
(Mass) Mass [kg]: 2.346331e+29 
(Obliquity) Obliquity [rad]: 0.000000 
(PrecA) Body's precession angle [rad]: 0.000000 
(Xobl) Body's sin(obl)*cos(pA) []: 0.000000 
(Yobl) Body's sin(obl)*sin(pA) []: 0.000000 
(Zobl) Body's cos(obl) []: 1.000000 
(Radius) Radius [m]: 7.219282e+08 
(RadGyra) Radius of Gyration []: 0.500000 
(RotAngMom) Rotational Angular Momentum [kg*m^2/sec]: 7.333563e+37 
(RotKinEnergy) Body's Rotational Energy [kg*m^2/sec^2]: 8.795952e+28 
(RotVel) Rotational Velocity [m/sec]: 1.731776 
(BodyType) Type of Body (0 == planet) []: 0.000000 
(RotRate) Rotational Frequency [/sec]: 2.398821e-09 
(RotPer) Rotational Period [sec]: 2.619281e+09 
(SurfEnFluxTotal) Total Surface Energy Flux [kg*m^2/sec^2/(m^2*sec)]: 3.439506e-06 
(TidalQ) Tidal Q []: 1.000000e+06 
(ImK2) Im(k_2) []: 5.000000e-07 
(K2) k_2 []: 0.500000 
(K2Man) Real Love Number k2 Mantle []: 0.500000 
(Imk2Man) Imaginary Love Number k2 Mantle []: 5.000000e-07 
(HEcc) Poincare's h (=e*sin(varpi) []: 0.000000 
(HZLimitDryRunaway) Semi-major axis of Dry Runaway HZ Limit [m]: -1.000000 
(KEcc) Poincare's k (=e*cos(varpi) []: 0.000000 
(Eccentricity) Orbital Eccentricity []: -1.000000 
(OrbEnergy) Body's Total Orbital Energy [kg*m^2/sec^2]: 0.000000 
(MeanMotion) Orbital Mean Motion [/sec]: -1.000000 
(OrbPeriod) Orbital Period [sec]: -1.000000 
(SemiMajorAxis) Semi-major Axis [m]: -1.000000 
(OrbAngMom) Orbital Angular Momentum [kg*m^2/sec]: 0.000000 
(TotOrbEnergy) System's Total Orbital Energy [kg*m^2/sec^2]: -7.939722e+33 
(OrbPotEnergy) Body's Orbital Potential Energy [kg*m^2/sec^2]: -1.000000 
(LostEnergy) Body's Total Lost Energy [kg*m^2/sec^2]: 0.000000 
(LostAngMom) Lost Angular Momentum due to Magnetic Braking [kg*m^2/sec]: 0.000000 
----- EQTIDE PARAMETERS (star)------
(BodyDsemiDtEqtide) Body's Contribution to dSemi/dt in EQTIDE []: -1.000000 
(BodyDeccDt) Body's Contribution to dEcc/dt in EQTIDE []: -1.000000 
(DOblDtEqtide) Time Rate of Change of Obliquity in EQTIDE [rad/sec]: 0.000000 
(DRotPerDtEqtide) Time Rate of Change of Rotation Period in EQTIDE []: -1.237977e-10 
(DRotRateDtEqtide) Time Rate of Change of Rotational Frequency in EQTIDE [/sec^2]: 1.133779e-28 
(EqRotRateDiscrete) CPL2 Discrete Equilibrium Spin Rate [/sec]: 6.117313e-06 
(EqRotPerDiscrete) CPL2 Discrete Equilibrium Spin Period [sec]: 1.027115e+06 
(EqRotRateCont) CPL2 Continuous Equilibrium Spin Rate [/sec]: 6.698458e-06 
(EqRotPerCont) CPL2 Continuous Equilibrium Rotation Period [sec]: 9.380047e+05 
(EqRotPer) Equilibrium Rotation Period [sec]: 1.027115e+06 
(EqRotRate) Equilibrium Rotation Rate [/sec]: 6.117313e-06 
(GammaRot) Gamma_Rotation [cgs]: -1.000000 
(GammaOrb) Gamma_Orbital [cgs]: -1.000000 
(OceanK2) K2_Ocean []: 1.000000 
(EnvTidalQ) Envelope Tidal Q []: 0.010000 
(OceanTidalQ) Ocean Tidal Q []: 30.000000 
(TideLock) Tidally Locked? []: 0.000000 
(RotTimeEqtide) Timescale for Rotational Evolution in EQTIDE [sec]: 2.115775e+19 
(EnvK2) K2_Env []: 0.010000 
(OblTimeEqtide) Timescale for Obliquity Evolution in EQTIDE []: -1.000000 
(PowerEqtide) Internal Power due to Tides in EQTIDE [kg*m^2/sec^3]: 2.252651e+13 
(SurfEnFluxEqtide) Surface Energy Flux due to Tides in EQTIDE [kg*m^2/sec^2/(m^2*sec)]: 3.439506e-06 
Tidal Perturbers: pandora
----- STELLAR PARAMETERS (star)------
(Luminosity) Luminosity [kg*m^2/sec^3]: 2.092637e+25 
(LXUVStellar) Base X-ray/XUV Luminosity [kg*m^2/sec^3]: 2.092637e+22 
(Temperature) Effective Temperature [K]: 2739.815007 
(LXUVFrac) X-ray/XUV Luminosity Fraction []: 0.001000 
(HZLimRecVenus) Recent Venus Habitable Zone Limit [m]: 2.860627e+10 
(HZLimRunaway) Runaway Greenhouse Habitable Zone Limit [m]: 3.759816e+10 
(HZLimMoistGreenhouse) Moist Greenhouse Habitable Zone Limit [m]: 3.785088e+10 
(HZLimMaxGreenhouse) Maximum Greenhouse Habitable Zone Limit [m]: 7.322892e+10 
(HZLimEarlyMars) Early Mars Habitable Zone Limit [m]: 7.986486e+10 
Output Order:
Grid Output Order:

----- BODY: pandora ----
Active Modules: ATMESC EQTIDE RADHEAT THERMINT
Module Bit Sum: 143
Color: 000000
(Mass) Mass [kg]: 7.584676e+24 
(Obliquity) Obliquity [rad]: 0.410152 
(PrecA) Body's precession angle [rad]: 0.000000 
(Xobl) Body's sin(obl)*cos(pA) []: 0.398749 
(Yobl) Body's sin(obl)*sin(pA) []: 0.000000 
(Zobl) Body's cos(obl) []: 0.917060 
(Radius) Radius [Solar]: 0.012650 
(RadGyra) Radius of Gyration []: 0.500000 
(RotAngMom) Rotational Angular Momentum [kg*m^2/sec]: 1.067975e+34 
(RotKinEnergy) Body's Rotational Energy [kg*m^2/sec^2]: 3.883268e+29 
(RotVel) Rotational Velocity [m/sec]: 639.992923 
(BodyType) Type of Body (0 == planet) []: 0.000000 
(RotRate) Rotational Frequency [/sec]: 7.272205e-05 
(RotPer) Rotational Period [sec]: 8.640000e+04 
(SurfEnFluxTotal) Total Surface Energy Flux [W/m^2]: 83.810110 
(TidalQ) Tidal Q []: 138.509153 
(ImK2) Im(k_2) []: 0.002463 
(K2) k_2 []: 0.985510 
(K2Man) Real Love Number k2 Mantle []: 0.975510 
(Imk2Man) Imaginary Love Number k2 Mantle []: 0.002463 
(ViscUMan) Upper Mantle Viscosity [m^2/sec]: 2.896985e+15 
(HEcc) Poincare's h (=e*sin(varpi) []: 0.000000 
(HZLimitDryRunaway) Semi-major axis of Dry Runaway HZ Limit [m]: 3.183247e+10 
(KEcc) Poincare's k (=e*cos(varpi) []: 0.100000 
(Eccentricity) Orbital Eccentricity []: 0.100000 
(OrbEnergy) Body's Total Orbital Energy [kg*m^2/sec^2]: -7.939722e+33 
(MeanMotion) Orbital Mean Motion [/sec]: 6.117313e-06 
(OrbPeriod) Orbital Period [sec]: 1.027115e+06 
(SemiMajorAxis) Semi-major Axis [m]: 7.479894e+09 
(OrbAngMom) Orbital Angular Momentum [kg*m^2/sec]: 2.582808e+39 
(TotOrbEnergy) System's Total Orbital Energy [kg*m^2/sec^2]: -7.939722e+33 
(OrbPotEnergy) Body's Orbital Potential Energy [kg*m^2/sec^2]: -1.587944e+34 
(LostEnergy) Body's Total Lost Energy [kg*m^2/sec^2]: 0.000000 
----- EQTIDE PARAMETERS (pandora)------
(TidalRadius) Tidal Radius [m]: 6.824567e+06 
(DsemiDtEqtide) Total da/dt in EQTIDE [m/sec]: 7.436568e-09 
(DeccDtEqtide) Total de/dt in EQTIDE [/sec]: 2.092444e-19 
(DMeanMotionDtEqtide) Total dMeanMotion/dt in EQTIDE [/sec^2]: -9.122820e-24 
(DOrbPerDtEqtide) Total dOrbPer/dt in EQTIDE []: 1.531749e-12 
(EccTimeEqtide) Timescale for Eccentricity Evolution (e/[de/dt]) in EQTIDE [sec]: 4.779099e+17 
(SemiTimeEqtide) Timescale for Semi-major Axis Evolution (a/[da/dt]) in EQTIDE [sec]: 1.005826e+18 
(DHEccDtEqtide) Time Rate of Change of Poincare's h in EQTIDE [/sec]: 0.000000 
(DKEccDtEqtide) Time Rate of Change of Poincare's k in EQTIDE [/sec]: 2.092444e-19 
(DXoblDtEqtide) Time Rate of Change of Laskar's X in EQTIDE [/sec]: 3.267505e-14 
(DYoblDtEqtide) Time Rate of Change of Laskar's Y in EQTIDE [/sec]: 0.000000 
(DZoblDtEqtide) Time Rate of Change of Laskar's Z in EQTIDE [/sec]: -1.420751e-14 
(BodyDsemiDtEqtide) Body's Contribution to dSemi/dt in EQTIDE []: -1.000000 
(BodyDeccDt) Body's Contribution to dEcc/dt in EQTIDE []: -1.000000 
(DOblDtEqtide) Time Rate of Change of Obliquity in EQTIDE [rad/sec]: 3.563021e-14 
(DRotPerDtEqtide) Time Rate of Change of Rotation Period in EQTIDE []: 1.659862e-08 
(DRotRateDtEqtide) Time Rate of Change of Rotational Frequency in EQTIDE [/sec^2]: -1.397090e-17 
(EqRotRateDiscrete) CPL2 Discrete Equilibrium Spin Rate [/sec]: 6.117313e-06 
(EqRotPerDiscrete) CPL2 Discrete Equilibrium Spin Period [sec]: 1.027115e+06 
(EqRotRateCont) CPL2 Continuous Equilibrium Spin Rate [/sec]: 6.698458e-06 
(EqRotPerCont) CPL2 Continuous Equilibrium Rotation Period [sec]: 9.380047e+05 
(EqRotPer) Equilibrium Rotation Period [sec]: 1.027115e+06 
(EqRotRate) Equilibrium Rotation Rate [/sec]: 6.117313e-06 
(GammaRot) Gamma_Rotation [cgs]: -1.000000 
(GammaOrb) Gamma_Orbital [cgs]: -1.000000 
(OceanK2) K2_Ocean []: 0.300000 
(EnvTidalQ) Envelope Tidal Q []: 10000.000000 
(OceanTidalQ) Ocean Tidal Q []: 12.000000 
(TideLock) Tidally Locked? []: 0.000000 
(RotTimeEqtide) Timescale for Rotational Evolution in EQTIDE [sec]: 5.205251e+12 
(EnvK2) K2_Env []: 0.010000 
(OblTimeEqtide) Timescale for Obliquity Evolution in EQTIDE []: -1.000000 
(PowerEqtide) Internal Power due to Tides in EQTIDE [kg*m^2/sec^3]: 8.180963e+16 
(SurfEnFluxEqtide) Surface Energy Flux due to Tides in EQTIDE [kg*m^2/sec^2/(m^2*sec)]: 84.057497 
Tidal Perturbers: star
----- RADHEAT PARAMETERS (pandora)------
(26AlPowerMan) Total Power Generated by 26Al [kg*m^2/sec^3]: -0.000000 
(26AlPowerCore) Core Power Generated by 26Al [kg*m^2/sec^3]: -0.000000 
(26AlEnFlux) Surface Energy Flux from 26Al [kg*m^2/sec^2/(m^2*sec)]: -0.000000 
(D26AlPowerDt) Time Rate of Change of 26Al Power Generation []: -1.000000 
(D26AlNumManDt) Time Rate of Change of 26Al Heat Generation [/sec]: 0.000000 
(26AlMassMan) Mass of Mantle in 26Al [kg]: 0.000000 
(26AlMassCore) Mass of core in 26Al [kg]: 0.000000 
(26AlNumMan) Total Number of 26Al Atoms []: 0.000000 
(26AlNumCore) Total Core Number of 26Al Atoms []: 0.000000 
(26AlTimescale) Timescale for 26Al Power Generation []: -1.000000 
(26AlPowerTotal) Total Power from Decay of 26Al Atoms [kg*m^2/sec^3]: -0.000000 
(40KPowerMan) Total Power Generated by 40K [kg*m^2/sec^3]: 3.615782e+13 
(40KPowerCore) Core Power Generated by 40K [kg*m^2/sec^3]: 3.385734e+13 
(40KEnFlux) Surface Energy Flux from 40K [kg*m^2/sec^2/(m^2*sec)]: 0.086206 
(D40KPowerDt) Time Rate of Change of 40K Power Generation []: -1.000000 
(D40KNumManDt) Time Rate of Change of 40K Heat Generation [/sec]: -1.694597e+26 
(40KMassMan) Total Mass of 40K [kg]: 6.451095e+17 
(40KMassCore) Total Core Mass of 40K [kg]: 6.040654e+17 
(40KNumMan) Total Number of 40K Atoms []: 9.721100e+42 
(40KNumCore) Total Core Number of 40K Atoms []: 9.102610e+42 
(40KTimescale) Timescale for 40K Power Generation []: -1.000000 
(40KPowerCrust) Crust Power Generated by 40K [kg*m^2/sec^3]: 1.388593e+13 
(40KMassCrust) Total Crust Mass of 40K [kg]: 2.477458e+17 
(40KNumCrust) Total Crust Number of 40K Atoms []: 3.733260e+42 
(40KPowerTotal) Total Power from Decay of 40K Atoms [kg*m^2/sec^3]: 8.390109e+13 
(232ThPowerMan) Total Power Generated by 232Th [kg*m^2/sec^3]: 6.515745e+12 
(232ThPowerCore) Total Power Generated by 232Th [kg*m^2/sec^3]: 1.454097e+11 
(232ThEnFlux) Surface Energy Flux from 232Th [kg*m^2/sec^2/(m^2*sec)]: 0.010779 
(D232ThNumManDt) Time Rate of Change of the number of 232Th nuclei [/sec]: -9.534855e+23 
(232ThMassMan) Total Mass of 232Th [kg]: 2.342181e+17 
(232ThMassCore) Total Mass of 232Th [kg]: 5.226968e+15 
(232ThNumMan) Total Number of 232Th Atoms []: 6.078730e+41 
(232ThNumCore) Total Number of 232Th Atoms []: 1.356570e+40 
(232ThTimescale) Timescale for 232Th Power Generation []: -1.000000 
(232ThPowerCrust) Total Power Generated by 232Th [kg*m^2/sec^3]: 3.829915e+12 
(232ThMassCrust) Total Mass of 232Th [kg]: 1.376720e+17 
(232ThNumCrust) Total Number of 232Th Atoms []: 3.573040e+41 
(232ThPowerTotal) Total Power from Decay of 232Th Atoms [kg*m^2/sec^3]: 1.049107e+13 
(238UPowerMan) Total Power Generated by 238U [kg*m^2/sec^3]: 1.166904e+13 
(238UPowerCore) Total Core Power Generated by 238U [kg*m^2/sec^3]: 1.203807e+11 
(238UEnFlux) Surface Energy Flux due to 238U [kg*m^2/sec^2/(m^2*sec)]: 0.017418 
(D238UNumManDt) Time Rate of Change of the Number of 238U Nuclei [/sec]: -1.408805e+24 
(238UMassMan) Total Mass of 238U [kg]: 1.133814e+17 
(238UMassCore) Total Core Mass of 238U [kg]: 1.169671e+15 
(238UNumMan) Total Number of 238U Atoms []: 2.868290e+41 
(238UNumCore) Total Core Number of 238U Atoms []: 2.959000e+39 
(238UTimescale) Timescale for 238U Power Generation []: -1.000000 
(238UPowerCrust) Total Crust Power Generated by 238U [kg*m^2/sec^3]: 5.162377e+12 
(238UMassCrust) Total Crust Mass of 238U [kg]: 5.015986e+16 
(238UNumCrust) Total Crust Number of 238U Atoms []: 1.268930e+41 
(238UPowerTotal) Total Power from Decay of 238U Atoms [kg*m^2/sec^3]: 1.695180e+13 
(235UPowerMan) Total Power Generated by 235U [kg*m^2/sec^3]: 2.024897e+13 
(235UPowerCore) Total Core Power Generated by 235U [kg*m^2/sec^3]: 5.015863e+11 
(235UEnFlux) Surface Energy Flux due to 235U [kg*m^2/sec^2/(m^2*sec)]: 0.031996 
(D235UNumManDt) Time Rate of Change of the Number of 235U Nuclei [/sec]: -3.089012e+24 
(235UMassMan) Total Mass of 235U [kg]: 3.862651e+16 
(235UMassCore) Total Core Mass of 235U [kg]: 9.568156e+14 
(235UNumMan) Total Number of 235U Atoms []: 9.896630e+40 
(235UNumCore) Total Core Number of 235U Atoms []: 2.451490e+39 
(235UTimescale) Timescale for 235U Power Generation []: -1.000000 
(235UPowerCrust) Total Crust Power Generated by 235U [kg*m^2/sec^3]: 1.038960e+13 
(235UMassCrust) Total Crust Mass of 235U [kg]: 1.981898e+16 
(235UNumCrust) Total Crust Number of 235U Atoms []: 5.077890e+40 
(235UPowerTotal) Total Power from Decay of 235U Atoms [kg*m^2/sec^3]: 3.114015e+13 
(RadPowerMan) Total Power Generated by Radiogenic Nuclides in the mantle [kg*m^2/sec^3]: 7.459157e+13 
(RadPowerCore) Total Power Generated by Radiogenic Nuclides in Core [kg*m^2/sec^3]: 3.462471e+13 
(RadPowerCrust) Total Power Generated by Radiogenic Nuclides in the crust [kg*m^2/sec^3]: 3.326783e+13 
(RadPowerTotal) Total Power Generated by Radiogenic Nuclides in Total (M+C) [kg*m^2/sec^3]: 1.424841e+14 
(SurfEnFluxRadTotal) Total Surface Heat Flux Generated by Radiogenic Nuclides [kg*m^2/sec^2/(m^2*sec)]: 0.146399 
----- THERMINT PARAMETERS (pandora)------
(TMan) Mantle Temperature [K]: 3000.000000 
(TUMan) Upper Mantle Temperature []: 2100.000000 
(TLMan) Lower Mantle Temperature []: 3900.000000 
(TCore) Core Temperature [K]: 6000.000000 
(TCMB) CMB Temperature []: 4800.000000 
(BLUMan) Boundary Layer Thickness Upper Mantle []: 1.717041e+04 
(BLLMan) Boundary Layer Thickness Lower Mantle []: 2.434421e+04 
(TJumpUMan) Upper Mantle Temperature Jump []: 1800.000000 
(TJumpLMan) Lower Mantle Temperature Jump []: 900.000000 
(SignTJumpUMan) Sign of Upper Mantle Temperature Jump []: 1.000000 
(SignTJumpLMan) Sign of Lower Mantle Temperature Jump []: 1.000000 
(ViscLMan) Lower Mantle Viscosity [m^2/sec]: 8.256406e+15 
(ShmodUMan) Shear Modulus Upper Mantle []: 5.659552e+11 
(FMeltUMan) Melt Fraction Upper Mantle []: 1.000000 
(FMeltLMan) Melt Fraction Lower Mantle []: 0.000000 
(MeltfactorUMan) Melt Factor Upper Mantle []: 1.925879e+07 
(MeltfactorLMan) Melt Factor Lower Mantle []: 1.000000 
(DepthMeltMan) Depth to base of UM Melt Region []: 1.459060e+06 
(TDepthMeltMan) Temp at base of UM Melt Region []: 2820.945021 
(TJumpMeltMan) Temp Jump across UM Melt Region []: 1791.414793 
(MeltMassFluxMan) Mantle Melt Mass Flux []: 1.144092e+08 
(ViscUManArr) Upper Mantle Arrhenius Viscosity [m^2/sec]: 2.896985e+15 
(RayleighMan) Mantle Rayleigh Number []: 9.440967e+08 
(ViscMMan) Average (mid) Mantle Viscosity [m^2/sec]: 2.896985e+16 
(TDotMan) Change in Mantle Temperature []: -2.358171e-14 
(TDotCore) Change in Core Temperature []: -1.328645e-14 
(HfluxUMan) Heat Flux Upper Mantle []: 0.440292 
(HflowUMan) Heat Flow Upper Mantle []: 2.245774e+14 
(HfluxLMan) Heat Flux Lower Mantle []: 0.369698 
(HflowLMan) Heat Flow Lower Mantle []: 5.629434e+13 
(HfluxCMB) Heat Flux Core-Mantle Boundary []: 0.369698 
(HflowCMB) Heat Flow Core-Mantle Boundary []: 5.629434e+13 
(HflowLatentMan) Latent Heat Flow Mantle []: 0.000000 
(HflowMeltMan) Melt Heat Flow Mantle []: 2.592673e+13 
(HflowLatentIC) Latent Heat Release at ICB []: 0.000000 
(PowerGravIC) Gravitational Power Release at ICB []: 0.000000 
(HflowSurf) Heat Flow Surface Total []: 2.505042e+14 
(HflowSecMan) Mantle Secular Heat Flow []: 1.196183e+14 
(HfluxCMBAd) Adiabatic Heat Flux Core-Mantle Boundary []: 0.049882 
(HfluxCMBConv) Super-Adiabatic (convective) Heat Flux Core-Mantle Boundary []: 0.319815 
(RIC) Inner Core Radius [km]: 0.000000 
(DRICDTCMB) d(R_ic)/d(T_cmb) []: 0.000000 
(RICDot) Inner Core growth rate []: 0.000000 
(ChiOC) Light Element Concentration in Outer Core []: 0.132171 
(ChiIC) Light Element Concentration in Inner Core []: 0.000000 
(ThermConductOC) Thermal Conductivity OC []: 120.000000 
(MassOC) Mass of Outer Core []: 1.941615e+24 
(MassIC) Mass of Inner Core []: 0.000000 
(MassChiOC) Mass of Chi in Outer Core []: 2.566251e+23 
(MassChiIC) Mass of Chi in Inner Core []: 0.000000 
(DTChi) Core Liquidus Depression []: 0.000000 
(CoreBuoyTherm) Core Thermal Buoyancy Flux []: 3.672513e-12 
(CoreBuoyCompo) Core Compositional Buoyancy Flux []: 0.000000 
(CoreBuoyTotal) Core Total Buoyancy Flux []: 3.672513e-12 
(GravICB) ICB Gravity []: 0.000000 
(MagMom) Core Magnetic Moment []: 1.229316e+23 
(PresSWind) Stellar wind pressure at body []: 2.676100e-09 
(MagPauseRad) Magnetopause Radius []: 6.692795e+07 
(ViscJumpMan) Mantle Viscosity Ratio []: 2.850000 
(EruptEff) Mantle Melt Eruption Efficiency []: 0.100000 
(TrefLind) Core Liquidus Lindeman Reference []: 5650.000000 
(DynViscUMan) Upper Mantle's Dynamic Viscosity [kg*m^2/sec^2]: 1.281444e+19 
EMASS=5.974200e+24 EMASSMAN=4.009883e+24 ERMAN=6.371000e+06 ERCORE=3.481000e+06 EDMAN=2.890000e+06 EVOL=1.083207e+21 EVOLCORE=1.766854e+20 EVOLMAN=9.065215e+20
EDENS=5.515290e+03 EDENSMAN=4.423373e+03 EDENSCORE=1.098911e+04 EDENSOC=1.089841e+04 EDENSIC=1.300000e+04 STIFFNESS=1.000000e+13
THERMEXPANMAN=3.000000e-05 THERMCONDUMAN=4.200000e+00 THERMCONDLMAN=1.000000e+01 THERMDIFFUMAN=7.505941e-07 cube(EDMAN)=2.413757e+19
TrefLind=5.650000e+03 ViscRef=1.000000e+08 VISCJUMPMAN=2.700000e+00 
DTCHIREF=0.000000e+00 CHI_OC_E=1.800000e-01 PARTITION=3.507613e-01 CHI_IC_E=6.313703e-02 EMASSOC_CHI=2.503667e+23 EMASSIC_CHI=6.258395e+21 EMASSCORE_CHI=2.566251e+23
body.ViscMeltB=2.500000e+00 Delta=6.000000e+00 Gamma=6.000000e+00 Xi=5.000000e-04 Phis=8.000000e-01 
body.dFixMeltfactorUMan=0.000000 .dMeltfactorUMan=1.925879e+07 
body.dStagLid=1.000000 dManHFlowPref=1.000000 
body.dMagMomCoef=0.150000 body.dPresSWind=2.676100e-09 
----- ATMESC PARAMETERS (pandora)------
(SurfWaterMass) Surface Water Mass [TO]: 3.650000 
(EnvelopeMass) Envelope Mass [Earth]: 0.001000 
(OxygenMass) Oxygen Mass [bars]: 0.000000 
(RGLimit) Runaway Greenhouse Semi-Major Axis [m]: 3.618320e+10 
(XO) Atomic Oxygen Mixing Ratio in Upper Atmosphere []: 0.333333 
(EtaO) Oxygen Eta Parameter (Luger and Barnes 2015) []: 0.000000 
(PlanetRadius) Planet Radius [m]: 8.800534e+06 
(OxygenMantleMass) Mass of Oxygen in Mantle [kg]: 0.000000 
(RadXUV) XUV Radius separating hydro. dyn. escpape and equilibrium [m]: -1.000000 
(RadSolid) Radius to the solid surface [m]: -1.000000 
(PresXUV) Pressure at base of Thermosphere []: 5.000000 
(ScaleHeight) Scaling factor in fdLehmerRadius []: -1.000000 
(ThermTemp) Isothermal Atmospheric Temperature []: 880.000000 
(AtmGasConst) Atmospheric Gas Constant []: 4124.000000 
(PresSurf) Surface Pressure due to Atmosphere []: -1.000000 
(DEnvMassDt) Envelope Mass Loss Rate []: -1.000000 
(FXUV) XUV Flux [W/m^2]: 29.914081 
(AtmXAbsEffH2O) XUV Atmospheric Escape Efficiency for H2O []: 0.150000 
(RGDuration) Runaway Greenhouse Duration [years]: 0.00000e+00
Output Order: Time[year] TidalQ[] K2[] ImK2[] Radius[Solar] SemiMajorAxis[AU] Eccentricity[] SurfEnFluxTotal[W/m^2] SurfWaterMass[TO] TMan[K] TCore[K] RIC[km] EnvelopeMass[Earth] OxygenMass[bars]
Grid Output Order:



---- FINAL SYSTEM PROPERTIES ----
(Age) System Age [sec]: 2.209032e+17 
(Time) Simulation Time [sec]: 2.209032e+17 
(TotAngMom) Total Angular Momentum [kg*m^2/sec]: 2.582223e+39 
(TotEnergy) Total System Energy [kg*m^2/sec^2]: -2.244610e+40 
(PotEnergy) Body's non-orbital Potential Energy [kg*m^2/sec^2]: -2.244609e+40 
(KinEnergy) Body's non-orbital Kinetic Energy [kg*m^2/sec^2]: 1.628212e+27 
(DeltaTime) Average Timestep Over Last Output Interval [sec]: 1.401700e+08 
(Density) Average Density [kg/m^3]: 1.037284e+06 
(LongP) Body's Longitude of pericenter [rad]: 0.000000 
(LXUVTot) Total XUV Luminosity [kg*m^2/sec^2/(m^2*sec)]: 3.173106e+18 

----- BODY: star ----
Active Modules: EQTIDE STELLAR
Module Bit Sum: 67
Color: 000000
(Mass) Mass [kg]: 2.346331e+29 
(Obliquity) Obliquity [rad]: 0.000000 
(PrecA) Body's precession angle [rad]: 0.000000 
(Xobl) Body's sin(obl)*cos(pA) []: 0.000000 
(Yobl) Body's sin(obl)*sin(pA) []: 0.000000 
(Zobl) Body's cos(obl) []: 1.000000 
(Radius) Radius [m]: 9.821852e+07 
(RadGyra) Radius of Gyration []: 0.500000 
(RotAngMom) Rotational Angular Momentum [kg*m^2/sec]: 1.357465e+36 
(RotKinEnergy) Body's Rotational Energy [kg*m^2/sec^2]: 1.628212e+27 
(RotVel) Rotational Velocity [m/sec]: 0.235617 
(BodyType) Type of Body (0 == planet) []: 0.000000 
(RotRate) Rotational Frequency [/sec]: 2.398902e-09 
(RotPer) Rotational Period [sec]: 2.619193e+09 
(SurfEnFluxTotal) Total Surface Energy Flux [kg*m^2/sec^2/(m^2*sec)]: 8.158541e-09 
(TidalQ) Tidal Q []: 1.000000e+06 
(ImK2) Im(k_2) []: 5.000000e-07 
(K2) k_2 []: 0.500000 
(K2Man) Real Love Number k2 Mantle []: 0.500000 
(Imk2Man) Imaginary Love Number k2 Mantle []: 5.000000e-07 
(HEcc) Poincare's h (=e*sin(varpi) []: 0.000000 
(HZLimitDryRunaway) Semi-major axis of Dry Runaway HZ Limit [m]: -1.000000 
(KEcc) Poincare's k (=e*cos(varpi) []: 0.000000 
(Eccentricity) Orbital Eccentricity []: -1.000000 
(OrbEnergy) Body's Total Orbital Energy [kg*m^2/sec^2]: 0.000000 
(MeanMotion) Orbital Mean Motion [/sec]: -1.000000 
(OrbPeriod) Orbital Period [sec]: -1.000000 
(SemiMajorAxis) Semi-major Axis [m]: -1.000000 
(OrbAngMom) Orbital Angular Momentum [kg*m^2/sec]: 0.000000 
(TotOrbEnergy) System's Total Orbital Energy [kg*m^2/sec^2]: -8.013235e+33 
(OrbPotEnergy) Body's Orbital Potential Energy [kg*m^2/sec^2]: -1.000000 
(LostEnergy) Body's Total Lost Energy [kg*m^2/sec^2]: 1.865625e+27 
(LostAngMom) Lost Angular Momentum due to Magnetic Braking [kg*m^2/sec]: 3.030272e+26 
----- EQTIDE PARAMETERS (star)------
(BodyDsemiDtEqtide) Body's Contribution to dSemi/dt in EQTIDE []: -1.000000 
(BodyDeccDt) Body's Contribution to dEcc/dt in EQTIDE []: -1.000000 
(DOblDtEqtide) Time Rate of Change of Obliquity in EQTIDE [rad/sec]: 0.000000 
(DRotPerDtEqtide) Time Rate of Change of Rotation Period in EQTIDE []: -3.074279e-13 
(DRotRateDtEqtide) Time Rate of Change of Rotational Frequency in EQTIDE [/sec^2]: 2.815712e-31 
(EqRotRateDiscrete) CPL2 Discrete Equilibrium Spin Rate [/sec]: 6.209728e-06 
(EqRotPerDiscrete) CPL2 Discrete Equilibrium Spin Period [sec]: 1.011829e+06 
(EqRotRateCont) CPL2 Continuous Equilibrium Spin Rate [/sec]: 6.209728e-06 
(EqRotPerCont) CPL2 Continuous Equilibrium Rotation Period [sec]: 1.011829e+06 
(EqRotPer) Equilibrium Rotation Period [sec]: 1.011829e+06 
(EqRotRate) Equilibrium Rotation Rate [/sec]: 6.209728e-06 
(GammaRot) Gamma_Rotation [cgs]: -1.000000 
(GammaOrb) Gamma_Orbital [cgs]: -1.000000 
(OceanK2) K2_Ocean []: 1.000000 
(EnvTidalQ) Envelope Tidal Q []: 0.010000 
(OceanTidalQ) Ocean Tidal Q []: 30.000000 
(TideLock) Tidally Locked? []: 0.000000 
(RotTimeEqtide) Timescale for Rotational Evolution in EQTIDE [sec]: 8.519697e+21 
(EnvK2) K2_Env []: 0.010000 
(OblTimeEqtide) Timescale for Obliquity Evolution in EQTIDE []: -1.000000 
(PowerEqtide) Internal Power due to Tides in EQTIDE [kg*m^2/sec^3]: 9.890293e+08 
(SurfEnFluxEqtide) Surface Energy Flux due to Tides in EQTIDE [kg*m^2/sec^2/(m^2*sec)]: 8.158541e-09 
Tidal Perturbers: pandora
----- STELLAR PARAMETERS (star)------
(Luminosity) Luminosity [kg*m^2/sec^3]: 5.901402e+23 
(LXUVStellar) Base X-ray/XUV Luminosity [kg*m^2/sec^3]: 3.173106e+18 
(Temperature) Effective Temperature [K]: 3043.945230 
(LXUVFrac) X-ray/XUV Luminosity Fraction []: 5.376868e-06 
(HZLimRecVenus) Recent Venus Habitable Zone Limit [m]: 4.779706e+09 
(HZLimRunaway) Runaway Greenhouse Habitable Zone Limit [m]: 6.294732e+09 
(HZLimMoistGreenhouse) Moist Greenhouse Habitable Zone Limit [m]: 6.324341e+09 
(HZLimMaxGreenhouse) Maximum Greenhouse Habitable Zone Limit [m]: 1.209541e+10 
(HZLimEarlyMars) Early Mars Habitable Zone Limit [m]: 1.319128e+10 
Output Order:
Grid Output Order:

----- BODY: pandora ----
Active Modules: ATMESC EQTIDE RADHEAT THERMINT
Module Bit Sum: 143
Color: 000000
(Mass) Mass [kg]: 7.578764e+24 
(Obliquity) Obliquity [rad]: 0.000000 
(PrecA) Body's precession angle [rad]: 0.000000 
(Xobl) Body's sin(obl)*cos(pA) []: 1.567737e-162 
(Yobl) Body's sin(obl)*sin(pA) []: 0.000000 
(Zobl) Body's cos(obl) []: 1.000000 
(Radius) Radius [Solar]: 0.009782 
(RadGyra) Radius of Gyration []: 0.500000 
(RotAngMom) Rotational Angular Momentum [kg*m^2/sec]: 5.448521e+32 
(RotKinEnergy) Body's Rotational Energy [kg*m^2/sec^2]: 1.691692e+27 
(RotVel) Rotational Velocity [m/sec]: 42.257753 
(BodyType) Type of Body (0 == planet) []: 0.000000 
(RotRate) Rotational Frequency [/sec]: 6.209728e-06 
(RotPer) Rotational Period [sec]: 1.011829e+06 
(SurfEnFluxTotal) Total Surface Energy Flux [W/m^2]: 0.042285 
(TidalQ) Tidal Q []: 977.371756 
(ImK2) Im(k_2) []: 0.025055 
(K2) k_2 []: 0.355596 
(K2Man) Real Love Number k2 Mantle []: 0.055596 
(Imk2Man) Imaginary Love Number k2 Mantle []: 5.477491e-05 
(ViscUMan) Upper Mantle Viscosity [m^2/sec]: 9.730935e+17 
(HEcc) Poincare's h (=e*sin(varpi) []: 0.000000 
(HZLimitDryRunaway) Semi-major axis of Dry Runaway HZ Limit [m]: 5.318861e+09 
(KEcc) Poincare's k (=e*cos(varpi) []: 6.681972e-05 
(Eccentricity) Orbital Eccentricity []: 6.681972e-05 
(OrbEnergy) Body's Total Orbital Energy [kg*m^2/sec^2]: -8.013235e+33 
(MeanMotion) Orbital Mean Motion [/sec]: 6.209728e-06 
(OrbPeriod) Orbital Period [sec]: 1.011829e+06 
(SemiMajorAxis) Semi-major Axis [m]: 7.405496e+09 
(OrbAngMom) Orbital Angular Momentum [kg*m^2/sec]: 2.580865e+39 
(TotOrbEnergy) System's Total Orbital Energy [kg*m^2/sec^2]: -8.013235e+33 
(OrbPotEnergy) Body's Orbital Potential Energy [kg*m^2/sec^2]: -1.602647e+34 
(LostEnergy) Body's Total Lost Energy [kg*m^2/sec^2]: 7.993135e+31 
----- EQTIDE PARAMETERS (pandora)------
(TidalRadius) Tidal Radius [m]: 6.824567e+06 
(DsemiDtEqtide) Total da/dt in EQTIDE [m/sec]: -3.137382e-15 
(DeccDtEqtide) Total de/dt in EQTIDE [/sec]: -2.246221e-21 
(DMeanMotionDtEqtide) Total dMeanMotion/dt in EQTIDE [/sec^2]: 3.946182e-30 
(DOrbPerDtEqtide) Total dOrbPer/dt in EQTIDE []: -6.430012e-19 
(EccTimeEqtide) Timescale for Eccentricity Evolution (e/[de/dt]) in EQTIDE [sec]: 2.974761e+16 
(SemiTimeEqtide) Timescale for Semi-major Axis Evolution (a/[da/dt]) in EQTIDE [sec]: 2.360406e+24 
(DHEccDtEqtide) Time Rate of Change of Poincare's h in EQTIDE [/sec]: -0.000000 
(DKEccDtEqtide) Time Rate of Change of Poincare's k in EQTIDE [/sec]: -2.246221e-21 
(DXoblDtEqtide) Time Rate of Change of Laskar's X in EQTIDE [/sec]: 0.000000 
(DYoblDtEqtide) Time Rate of Change of Laskar's Y in EQTIDE [/sec]: 0.000000 
(DZoblDtEqtide) Time Rate of Change of Laskar's Z in EQTIDE [/sec]: 0.000000 
(BodyDsemiDtEqtide) Body's Contribution to dSemi/dt in EQTIDE []: -1.000000 
(BodyDeccDt) Body's Contribution to dEcc/dt in EQTIDE []: -1.000000 
(DOblDtEqtide) Time Rate of Change of Obliquity in EQTIDE [rad/sec]: 0.000000 
(DRotPerDtEqtide) Time Rate of Change of Rotation Period in EQTIDE []: -9.063984e-298 
(DRotRateDtEqtide) Time Rate of Change of Rotational Frequency in EQTIDE [/sec^2]: 5.562685e-309 
(EqRotRateDiscrete) CPL2 Discrete Equilibrium Spin Rate [/sec]: 6.209728e-06 
(EqRotPerDiscrete) CPL2 Discrete Equilibrium Spin Period [sec]: 1.011829e+06 
(EqRotRateCont) CPL2 Continuous Equilibrium Spin Rate [/sec]: 6.209728e-06 
(EqRotPerCont) CPL2 Continuous Equilibrium Rotation Period [sec]: 1.011829e+06 
(EqRotPer) Equilibrium Rotation Period [sec]: 1.011829e+06 
(EqRotRate) Equilibrium Rotation Rate [/sec]: 6.209728e-06 
(GammaRot) Gamma_Rotation [cgs]: -1.000000 
(GammaOrb) Gamma_Orbital [cgs]: -1.000000 
(OceanK2) K2_Ocean []: 0.300000 
(EnvTidalQ) Envelope Tidal Q []: 10000.000000 
(OceanTidalQ) Ocean Tidal Q []: 12.000000 
(TideLock) Tidally Locked? []: 1.000000 
(RotTimeEqtide) Timescale for Rotational Evolution in EQTIDE [sec]: 1.116319e+303 
(EnvK2) K2_Env []: 0.010000 
(OblTimeEqtide) Timescale for Obliquity Evolution in EQTIDE []: -1.000000 
(PowerEqtide) Internal Power due to Tides in EQTIDE [kg*m^2/sec^3]: 2.405443e+09 
(SurfEnFluxEqtide) Surface Energy Flux due to Tides in EQTIDE [kg*m^2/sec^2/(m^2*sec)]: 4.133496e-06 
Tidal Perturbers: star
----- RADHEAT PARAMETERS (pandora)------
(26AlPowerMan) Total Power Generated by 26Al [kg*m^2/sec^3]: -0.000000 
(26AlPowerCore) Core Power Generated by 26Al [kg*m^2/sec^3]: -0.000000 
(26AlEnFlux) Surface Energy Flux from 26Al [kg*m^2/sec^2/(m^2*sec)]: -0.000000 
(D26AlPowerDt) Time Rate of Change of 26Al Power Generation []: -1.000000 
(D26AlNumManDt) Time Rate of Change of 26Al Heat Generation [/sec]: 0.000000 
(26AlMassMan) Mass of Mantle in 26Al [kg]: 0.000000 
(26AlMassCore) Mass of core in 26Al [kg]: 0.000000 
(26AlNumMan) Total Number of 26Al Atoms []: 0.000000 
(26AlNumCore) Total Core Number of 26Al Atoms []: 0.000000 
(26AlTimescale) Timescale for 26Al Power Generation []: -1.000000 
(26AlPowerTotal) Total Power from Decay of 26Al Atoms [kg*m^2/sec^3]: -0.000000 
(40KPowerMan) Total Power Generated by 40K [kg*m^2/sec^3]: 7.688000e+11 
(40KPowerCore) Core Power Generated by 40K [kg*m^2/sec^3]: 7.198863e+11 
(40KEnFlux) Surface Energy Flux from 40K [kg*m^2/sec^2/(m^2*sec)]: 0.003065 
(D40KPowerDt) Time Rate of Change of 40K Power Generation []: -1.000000 
(D40KNumManDt) Time Rate of Change of 40K Heat Generation [/sec]: -3.603110e+24 
(40KMassMan) Total Mass of 40K [kg]: 1.359927e+16 
(40KMassCore) Total Core Mass of 40K [kg]: 1.273404e+16 
(40KNumMan) Total Number of 40K Atoms []: 2.049262e+41 
(40KNumCore) Total Core Number of 40K Atoms []: 1.918881e+41 
(40KTimescale) Timescale for 40K Power Generation []: -1.000000 
(40KPowerCrust) Crust Power Generated by 40K [kg*m^2/sec^3]: 2.952475e+11 
(40KMassCrust) Total Crust Mass of 40K [kg]: 5.222620e+15 
(40KNumCrust) Total Crust Number of 40K Atoms []: 7.869922e+40 
(40KPowerTotal) Total Power from Decay of 40K Atoms [kg*m^2/sec^3]: 1.783934e+12 
(232ThPowerMan) Total Power Generated by 232Th [kg*m^2/sec^3]: 4.607666e+12 
(232ThPowerCore) Total Power Generated by 232Th [kg*m^2/sec^3]: 1.028278e+11 
(232ThEnFlux) Surface Energy Flux from 232Th [kg*m^2/sec^2/(m^2*sec)]: 0.012749 
(D232ThNumManDt) Time Rate of Change of the number of 232Th nuclei [/sec]: -6.742657e+23 
(232ThMassMan) Total Mass of 232Th [kg]: 1.656279e+17 
(232ThMassCore) Total Mass of 232Th [kg]: 3.696264e+15 
(232ThNumMan) Total Number of 232Th Atoms []: 4.298590e+41 
(232ThNumCore) Total Number of 232Th Atoms []: 9.593020e+39 
(232ThTimescale) Timescale for 232Th Power Generation []: -1.000000 
(232ThPowerCrust) Total Power Generated by 232Th [kg*m^2/sec^3]: 2.708358e+12 
(232ThMassCrust) Total Mass of 232Th [kg]: 9.735509e+16 
(232ThNumCrust) Total Number of 232Th Atoms []: 2.526685e+41 
(232ThPowerTotal) Total Power from Decay of 232Th Atoms [kg*m^2/sec^3]: 7.418852e+12 
(238UPowerMan) Total Power Generated by 238U [kg*m^2/sec^3]: 3.942989e+12 
(238UPowerCore) Total Core Power Generated by 238U [kg*m^2/sec^3]: 4.067687e+10 
(238UEnFlux) Surface Energy Flux due to 238U [kg*m^2/sec^2/(m^2*sec)]: 0.009843 
(D238UNumManDt) Time Rate of Change of the Number of 238U Nuclei [/sec]: -4.760376e+23 
(238UMassMan) Total Mass of 238U [kg]: 3.830699e+16 
(238UMassCore) Total Core Mass of 238U [kg]: 3.951845e+14 
(238UNumMan) Total Number of 238U Atoms []: 9.690793e+40 
(238UNumCore) Total Core Number of 238U Atoms []: 9.997266e+38 
(238UTimescale) Timescale for 238U Power Generation []: -1.000000 
(238UPowerCrust) Total Crust Power Generated by 238U [kg*m^2/sec^3]: 1.744376e+12 
(238UMassCrust) Total Crust Mass of 238U [kg]: 1.694699e+16 
(238UNumCrust) Total Crust Number of 238U Atoms []: 4.287202e+40 
(238UPowerTotal) Total Power from Decay of 238U Atoms [kg*m^2/sec^3]: 5.728043e+12 
(235UPowerMan) Total Power Generated by 235U [kg*m^2/sec^3]: 2.050891e+10 
(235UPowerCore) Total Core Power Generated by 235U [kg*m^2/sec^3]: 5.080253e+08 
(235UEnFlux) Surface Energy Flux due to 235U [kg*m^2/sec^2/(m^2*sec)]: 5.419796e-05 
(D235UNumManDt) Time Rate of Change of the Number of 235U Nuclei [/sec]: -3.128666e+21 
(235UMassMan) Total Mass of 235U [kg]: 2.911829e+13 
(235UMassCore) Total Core Mass of 235U [kg]: 7.212879e+11 
(235UNumMan) Total Number of 235U Atoms []: 7.460496e+37 
(235UNumCore) Total Core Number of 235U Atoms []: 1.848036e+36 
(235UTimescale) Timescale for 235U Power Generation []: -1.000000 
(235UPowerCrust) Total Crust Power Generated by 235U [kg*m^2/sec^3]: 1.052297e+10 
(235UMassCrust) Total Crust Mass of 235U [kg]: 1.494038e+13 
(235UNumCrust) Total Crust Number of 235U Atoms []: 3.827927e+37 
(235UPowerTotal) Total Power from Decay of 235U Atoms [kg*m^2/sec^3]: 3.153991e+10 
(RadPowerMan) Total Power Generated by Radiogenic Nuclides in the mantle [kg*m^2/sec^3]: 9.339965e+12 
(RadPowerCore) Total Power Generated by Radiogenic Nuclides in Core [kg*m^2/sec^3]: 8.638989e+11 
(RadPowerCrust) Total Power Generated by Radiogenic Nuclides in the crust [kg*m^2/sec^3]: 4.758505e+12 
(RadPowerTotal) Total Power Generated by Radiogenic Nuclides in Total (M+C) [kg*m^2/sec^3]: 1.496461e+13 
(SurfEnFluxRadTotal) Total Surface Heat Flux Generated by Radiogenic Nuclides [kg*m^2/sec^2/(m^2*sec)]: 0.025715 
----- THERMINT PARAMETERS (pandora)------
(TMan) Mantle Temperature [K]: 2241.238701 
(TUMan) Upper Mantle Temperature []: 1568.867091 
(TLMan) Lower Mantle Temperature []: 2913.610311 
(TCore) Core Temperature [K]: 5060.683829 
(TCMB) CMB Temperature []: 4048.547063 
(BLUMan) Boundary Layer Thickness Upper Mantle []: 1.104775e+05 
(BLLMan) Boundary Layer Thickness Lower Mantle []: 1.566350e+05 
(TJumpUMan) Upper Mantle Temperature Jump []: 1268.867091 
(TJumpLMan) Lower Mantle Temperature Jump []: 1134.936752 
(SignTJumpUMan) Sign of Upper Mantle Temperature Jump []: 1.000000 
(SignTJumpLMan) Sign of Lower Mantle Temperature Jump []: 1.000000 
(ViscLMan) Lower Mantle Viscosity [m^2/sec]: 2.773317e+18 
(ShmodUMan) Shear Modulus Upper Mantle []: 2.734771e+13 
(FMeltUMan) Melt Fraction Upper Mantle []: 0.000000 
(FMeltLMan) Melt Fraction Lower Mantle []: 0.000000 
(MeltfactorUMan) Melt Factor Upper Mantle []: 1.000000 
(MeltfactorLMan) Melt Factor Lower Mantle []: 1.000000 
(DepthMeltMan) Depth to base of UM Melt Region []: 0.000000 
(TDepthMeltMan) Temp at base of UM Melt Region []: 0.000000 
(TJumpMeltMan) Temp Jump across UM Melt Region []: -300.000000 
(MeltMassFluxMan) Mantle Melt Mass Flux []: 0.000000 
(ViscUManArr) Upper Mantle Arrhenius Viscosity [m^2/sec]: 9.730935e+17 
(RayleighMan) Mantle Rayleigh Number []: 2.502323e+06 
(ViscMMan) Average (mid) Mantle Viscosity [m^2/sec]: 9.730935e+18 
(TDotMan) Change in Mantle Temperature []: -6.816946e-16 
(TDotCore) Change in Core Temperature []: -1.117336e-15 
(HfluxUMan) Heat Flux Upper Mantle []: 0.048238 
(HflowUMan) Heat Flow Upper Mantle []: 2.460462e+13 
(HfluxLMan) Heat Flux Lower Mantle []: 0.072457 
(HflowLMan) Heat Flow Lower Mantle []: 1.103318e+13 
(HfluxCMB) Heat Flux Core-Mantle Boundary []: 0.072457 
(HflowCMB) Heat Flow Core-Mantle Boundary []: 1.103318e+13 
(HflowLatentMan) Latent Heat Flow Mantle []: 7.723023e+11 
(HflowMeltMan) Melt Heat Flow Mantle []: -0.000000 
(HflowLatentIC) Latent Heat Release at ICB []: 9.316966e+12 
(PowerGravIC) Gravitational Power Release at ICB []: 3.726786e+12 
(HflowSurf) Heat Flow Surface Total []: 2.460462e+13 
(HflowSecMan) Mantle Secular Heat Flow []: 3.457897e+12 
(HfluxCMBAd) Adiabatic Heat Flux Core-Mantle Boundary []: 0.035487 
(HfluxCMBConv) Super-Adiabatic (convective) Heat Flux Core-Mantle Boundary []: 0.036971 
(RIC) Inner Core Radius [km]: 2412.053125 
(DRICDTCMB) d(R_ic)/d(T_cmb) []: -9356.587148 
(RICDot) Inner Core growth rate []: 8.365009e-12 
(ChiOC) Light Element Concentration in Outer Core []: 0.216966 
(ChiIC) Light Element Concentration in Inner Core []: 0.001519 
(ThermConductOC) Thermal Conductivity OC []: 101.213677 
(MassOC) Mass of Outer Core []: 1.177441e+24 
(MassIC) Mass of Inner Core []: 7.641743e+23 
(MassChiOC) Mass of Chi in Outer Core []: 2.554646e+23 
(MassChiIC) Mass of Chi in Inner Core []: 1.160523e+21 
(DTChi) Core Liquidus Depression []: 0.000000 
(CoreBuoyTherm) Core Thermal Buoyancy Flux []: 4.245450e-13 
(CoreBuoyCompo) Core Compositional Buoyancy Flux []: 1.879128e-12 
(CoreBuoyTotal) Core Total Buoyancy Flux []: 2.303673e-12 
(GravICB) ICB Gravity []: 7.344948 
(MagMom) Core Magnetic Moment []: 7.099593e+22 
(PresSWind) Stellar wind pressure at body []: 2.676100e-09 
(MagPauseRad) Magnetopause Radius []: 5.573536e+07 
(ViscJumpMan) Mantle Viscosity Ratio []: 2.850000 
(EruptEff) Mantle Melt Eruption Efficiency []: 0.100000 
(TrefLind) Core Liquidus Lindeman Reference []: 5650.000000 
(DynViscUMan) Upper Mantle's Dynamic Viscosity [kg*m^2/sec^2]: 4.304356e+21 
EMASS=5.974200e+24 EMASSMAN=4.009883e+24 ERMAN=6.371000e+06 ERCORE=3.481000e+06 EDMAN=2.890000e+06 EVOL=1.083207e+21 EVOLCORE=1.766854e+20 EVOLMAN=9.065215e+20
EDENS=5.515290e+03 EDENSMAN=4.423373e+03 EDENSCORE=1.098911e+04 EDENSOC=1.089841e+04 EDENSIC=1.300000e+04 STIFFNESS=1.000000e+13
THERMEXPANMAN=3.000000e-05 THERMCONDUMAN=4.200000e+00 THERMCONDLMAN=1.000000e+01 THERMDIFFUMAN=7.505941e-07 cube(EDMAN)=2.413757e+19
TrefLind=5.650000e+03 ViscRef=1.000000e+08 VISCJUMPMAN=2.700000e+00 
DTCHIREF=0.000000e+00 CHI_OC_E=1.800000e-01 PARTITION=3.507613e-01 CHI_IC_E=6.313703e-02 EMASSOC_CHI=2.503667e+23 EMASSIC_CHI=6.258395e+21 EMASSCORE_CHI=2.566251e+23
body.ViscMeltB=2.500000e+00 Delta=6.000000e+00 Gamma=6.000000e+00 Xi=5.000000e-04 Phis=8.000000e-01 
body.dFixMeltfactorUMan=0.000000 .dMeltfactorUMan=1.000000e+00 
body.dStagLid=1.000000 dManHFlowPref=1.000000 
body.dMagMomCoef=0.150000 body.dPresSWind=2.676100e-09 
----- ATMESC PARAMETERS (pandora)------
(SurfWaterMass) Surface Water Mass [TO]: 0.984999 
(EnvelopeMass) Envelope Mass [Earth]: 0.000000 
(OxygenMass) Oxygen Mass [bars]: 438.092495 
(RGLimit) Runaway Greenhouse Semi-Major Axis [m]: 6.071057e+09 
(XO) Atomic Oxygen Mixing Ratio in Upper Atmosphere []: 0.593317 
(EtaO) Oxygen Eta Parameter (Luger and Barnes 2015) []: 0.000000 
(PlanetRadius) Planet Radius [m]: 6.805089e+06 
(OxygenMantleMass) Mass of Oxygen in Mantle [kg]: 0.000000 
(RadXUV) XUV Radius separating hydro. dyn. escpape and equilibrium [m]: -1.000000 
(RadSolid) Radius to the solid surface [m]: -1.000000 
(PresXUV) Pressure at base of Thermosphere []: 5.000000 
(ScaleHeight) Scaling factor in fdLehmerRadius []: -1.000000 
(ThermTemp) Isothermal Atmospheric Temperature []: 880.000000 
(AtmGasConst) Atmospheric Gas Constant []: 4124.000000 
(PresSurf) Surface Pressure due to Atmosphere []: -1.000000 
(DEnvMassDt) Envelope Mass Loss Rate []: -1.000000 
(FXUV) XUV Flux [W/m^2]: 0.004604 
(AtmXAbsEffH2O) XUV Atmospheric Escape Efficiency for H2O []: 0.150000 
(RGDuration) Runaway Greenhouse Duration [years]: 1.43148e+08
Output Order: Time[year] TidalQ[] K2[] ImK2[] Radius[Solar] SemiMajorAxis[AU] Eccentricity[] SurfEnFluxTotal[W/m^2] SurfWaterMass[TO] TMan[K] TCore[K] RIC[km] EnvelopeMass[Earth] OxygenMass[bars]
Grid Output Order:

Runtime = 10.000000 s
Total Number of Steps = 225138
